Library/Bee/Android/Prj/Mono2x/Gradle/launcher/build/intermediates/manifest_merge_blame_file/release/manifest-merger-blame-release-report.txt
1<?xml version="1.0" encoding="utf-8"?>
2<manifest xmlns:android="http://schemas.android.com/apk/res/android"
3    package="com.DefaultCompany.NewUnityProject3"
4    android:installLocation="preferExternal"
5    android:versionCode="1"
6    android:versionName="1.0" >
7
8    <uses-sdk
9        android:minSdkVersion="22"
9-->src\main\AndroidManifest.xml
10        android:targetSdkVersion="30" />
10-->src\main\AndroidManifest.xml
11
12    <supports-screens
12-->src\main\AndroidManifest.xml:3:3-163
13        android:anyDensity="true"
13-->src\main\AndroidManifest.xml:3:135-160
14        android:largeScreens="true"
14-->src\main\AndroidManifest.xml:3:78-105
15        android:normalScreens="true"
15-->src\main\AndroidManifest.xml:3:49-77
16        android:smallScreens="true"
16-->src\main\AndroidManifest.xml:3:21-48
17        android:xlargeScreens="true" />
17-->src\main\AndroidManifest.xml:3:106-134
18
19    <uses-feature android:glEsVersion="0x00030000" />
19-->[:unityLibrary] AndroidManifest.xml:12:5-54
19-->[:unityLibrary] AndroidManifest.xml:12:19-51
20    <uses-feature
20-->[:unityLibrary] AndroidManifest.xml:13:5-15:36
21        android:name="android.hardware.vulkan.version"
21-->[:unityLibrary] AndroidManifest.xml:14:9-55
22        android:required="false" />
22-->[:unityLibrary] AndroidManifest.xml:15:9-33
23
24    <uses-permission android:name="android.permission.INTERNET" />
24-->[:unityLibrary] AndroidManifest.xml:17:5-67
24-->[:unityLibrary] AndroidManifest.xml:17:22-64
25    <uses-permission android:name="android.permission.ACCESS_NETWORK_STATE" />
25-->[:unityLibrary] AndroidManifest.xml:18:5-79
25-->[:unityLibrary] AndroidManifest.xml:18:22-76
26
27    <uses-feature
27-->[:unityLibrary] AndroidManifest.xml:20:5-22:36
28        android:name="android.hardware.sensor.accelerometer"
28-->[:unityLibrary] AndroidManifest.xml:21:9-61
29        android:required="false" />
29-->[:unityLibrary] AndroidManifest.xml:22:9-33
30    <uses-feature
30-->[:unityLibrary] AndroidManifest.xml:23:5-25:36
31        android:name="android.hardware.touchscreen"
31-->[:unityLibrary] AndroidManifest.xml:24:9-52
32        android:required="false" />
32-->[:unityLibrary] AndroidManifest.xml:25:9-33
33    <uses-feature
33-->[:unityLibrary] AndroidManifest.xml:26:5-28:36
34        android:name="android.hardware.touchscreen.multitouch"
34-->[:unityLibrary] AndroidManifest.xml:27:9-63
35        android:required="false" />
35-->[:unityLibrary] AndroidManifest.xml:28:9-33
36    <uses-feature
36-->[:unityLibrary] AndroidManifest.xml:29:5-31:36
37        android:name="android.hardware.touchscreen.multitouch.distinct"
37-->[:unityLibrary] AndroidManifest.xml:30:9-72
38        android:required="false" />
38-->[:unityLibrary] AndroidManifest.xml:31:9-33
39
40    <application
40-->src\main\AndroidManifest.xml:4:3-83
41        android:extractNativeLibs="true"
41-->[:unityLibrary] AndroidManifest.xml:33:18-50
42        android:icon="@mipmap/app_icon"
42-->src\main\AndroidManifest.xml:4:49-80
43        android:label="@string/app_name" >
43-->src\main\AndroidManifest.xml:4:16-48
44        <activity
44-->[:unityLibrary] AndroidManifest.xml:34:9-60:20
45            android:name="com.unity3d.player.UnityPlayerActivity"
45-->[:unityLibrary] AndroidManifest.xml:35:13-66
46            android:configChanges="mcc|mnc|locale|touchscreen|keyboard|keyboardHidden|navigation|orientation|screenLayout|uiMode|screenSize|smallestScreenSize|fontScale|layoutDirection|density"
46-->[:unityLibrary] AndroidManifest.xml:36:13-194
47            android:hardwareAccelerated="false"
47-->[:unityLibrary] AndroidManifest.xml:37:13-48
48            android:launchMode="singleTask"
48-->[:unityLibrary] AndroidManifest.xml:38:13-44
49            android:resizeableActivity="true"
49-->[:unityLibrary] AndroidManifest.xml:39:13-46
50            android:screenOrientation="fullSensor"
50-->[:unityLibrary] AndroidManifest.xml:40:13-51
51            android:theme="@style/UnityThemeSelector" >
51-->[:unityLibrary] AndroidManifest.xml:41:13-54
52            <intent-filter>
52-->[:unityLibrary] AndroidManifest.xml:42:13-46:29
53                <action android:name="android.intent.action.MAIN" />
53-->[:unityLibrary] AndroidManifest.xml:43:17-69
53-->[:unityLibrary] AndroidManifest.xml:43:25-66
54
55                <category android:name="android.intent.category.LAUNCHER" />
55-->[:unityLibrary] AndroidManifest.xml:45:17-77
55-->[:unityLibrary] AndroidManifest.xml:45:27-74
56            </intent-filter>
57
58            <meta-data
58-->[:unityLibrary] AndroidManifest.xml:48:13-50:40
59                android:name="unityplayer.UnityActivity"
59-->[:unityLibrary] AndroidManifest.xml:49:17-57
60                android:value="true" />
60-->[:unityLibrary] AndroidManifest.xml:50:17-37
61            <meta-data
61-->[:unityLibrary] AndroidManifest.xml:51:13-53:71
62                android:name="WindowManagerPreference:FreeformWindowSize"
62-->[:unityLibrary] AndroidManifest.xml:52:17-74
63                android:value="@string/FreeformWindowSize_maximize" />
63-->[:unityLibrary] AndroidManifest.xml:53:17-68
64            <meta-data
64-->[:unityLibrary] AndroidManifest.xml:54:13-56:79
65                android:name="WindowManagerPreference:FreeformWindowOrientation"
65-->[:unityLibrary] AndroidManifest.xml:55:17-81
66                android:value="@string/FreeformWindowOrientation_landscape" />
66-->[:unityLibrary] AndroidManifest.xml:56:17-76
67            <meta-data
67-->[:unityLibrary] AndroidManifest.xml:57:13-59:40
68                android:name="android.notch_support"
68-->[:unityLibrary] AndroidManifest.xml:58:17-53
69                android:value="true" />
69-->[:unityLibrary] AndroidManifest.xml:59:17-37
70        </activity>
71
72        <meta-data
72-->[:unityLibrary] AndroidManifest.xml:62:9-64:33
73            android:name="unity.splash-mode"
73-->[:unityLibrary] AndroidManifest.xml:63:13-45
74            android:value="0" />
74-->[:unityLibrary] AndroidManifest.xml:64:13-30
75        <meta-data
75-->[:unityLibrary] AndroidManifest.xml:65:9-67:36
76            android:name="unity.splash-enable"
76-->[:unityLibrary] AndroidManifest.xml:66:13-47
77            android:value="True" />
77-->[:unityLibrary] AndroidManifest.xml:67:13-33
78        <meta-data
78-->[:unityLibrary] AndroidManifest.xml:68:9-70:36
79            android:name="unity.launch-fullscreen"
79-->[:unityLibrary] AndroidManifest.xml:69:13-51
80            android:value="True" />
80-->[:unityLibrary] AndroidManifest.xml:70:13-33
81        <meta-data
81-->[:unityLibrary] AndroidManifest.xml:71:9-73:36
82            android:name="unity.allow-resizable-window"
82-->[:unityLibrary] AndroidManifest.xml:72:13-56
83            android:value="True" />
83-->[:unityLibrary] AndroidManifest.xml:73:13-33
84        <meta-data
84-->[:unityLibrary] AndroidManifest.xml:74:9-76:50
85            android:name="notch.config"
85-->[:unityLibrary] AndroidManifest.xml:75:13-40
86            android:value="portrait|landscape" />
86-->[:unityLibrary] AndroidManifest.xml:76:13-47
87    </application>
88
89</manifest>